[19juil.2025 17:23:51.071] [main/INFO] [cpw.mods.modlauncher.Launcher/MODLAUNCHER]: ModLauncher running: args [--launchTarget, neoforgeclientdev, --version, 21.7.23-beta, --assetIndex, 26, --assetsDir, C:\\Users\\mathi\\.gradle\\caches\\neoformruntime\\assets, --fml.fmlVersion, 9.0.14, --fml.mcVersion, 1.21.7, --fml.neoForgeVersion, 21.7.23-beta, --fml.neoFormVersion, 20250711.194848]
[19juil.2025 17:23:51.071] [main/INFO] [cpw.mods.modlauncher.Launcher/MODLAUNCHER]: JVM identified as Oracle Corporation Java HotSpot(TM) 64-Bit Server VM 21.0.7+8-LTS-245
[19juil.2025 17:23:51.071] [main/INFO] [cpw.mods.modlauncher.Launcher/MODLAUNCHER]: ModLauncher 9.0 starting: java version 21.0.7 by Oracle Corporation; OS Windows 11 arch amd64 version 10.0
[19juil.2025 17:23:51.157] [main/INFO] [net.neoforged.fml.loading.ImmediateWindowHandler/]: Loading ImmediateWindowProvider fmlearlywindow
[19juil.2025 17:23:51.495] [main/INFO] [mixin/]: SpongePowered MIXIN Subsystem Version=0.8.7 Source=union:/C:/Users/mathi/.gradle/caches/modules-2/files-2.1/net.fabricmc/sponge-mixin/0.15.2+mixin.0.8.7/2af2f021d8e02a0220dc27a7a72b4666d66d44ca/sponge-mixin-0.15.2+mixin.0.8.7.jar%23157!/ Service=ModLauncher Env=CLIENT
[19juil.2025 17:23:51.649] [fml-loadingscreen/INFO] [net.neoforged.fml.earlydisplay.render.LoadingScreenRenderer/]: GL info: Intel(R) Iris(R) Xe Graphics GL version 3.2.0 - Build 32.0.101.6129, Intel
[19juil.2025 17:23:51.837] [main/INFO] [net.neoforged.fml.loading.moddiscovery.locators.JarInJarDependencyLocator/]: Found 2 dependencies adding them to mods collection
[19juil.2025 17:23:51.837] [main/INFO] [net.neoforged.fml.loading.moddiscovery.ModDiscoverer/]: 
     Mod List:
		Name Version (Mod Id)

		Minecraft 1.21.7 (minecraft)
		NeoForge 21.7.23-beta (neoforge)
		ORES 21.7.01 (ores)
[19juil.2025 17:23:52.665] [main/INFO] [cpw.mods.modlauncher.LaunchServiceHandler/MODLAUNCHER]: Launching target 'neoforgeclientdev' with arguments [--version, 21.7.23-beta, --assetsDir, C:\Users\mathi\.gradle\caches\neoformruntime\assets, --assetIndex, 26]
[19juil.2025 17:23:54.708] [Datafixer Bootstrap/INFO] [com.mojang.datafixers.DataFixerBuilder/]: 272 Datafixer optimizations took 530 milliseconds
[19juil.2025 17:23:54.913] [pool-6-thread-1/INFO] [MixinExtras|Service/]: Initializing MixinExtras via com.llamalad7.mixinextras.service.MixinExtrasServiceImpl(version=0.4.1).
[19juil.2025 17:23:59.225] [main/WARN] [net.minecraft.commands.Commands/]: Ambiguity between arguments [teleport, location] and [teleport, destination] with inputs: [0.1 -0.5 .9, 0 0 0]
[19juil.2025 17:23:59.225] [main/WARN] [net.minecraft.commands.Commands/]: Ambiguity between arguments [teleport, location] and [teleport, targets] with inputs: [0.1 -0.5 .9, 0 0 0]
[19juil.2025 17:23:59.237] [main/WARN] [net.minecraft.commands.Commands/]: Ambiguity between arguments [teleport, destination] and [teleport, targets] with inputs: [Player, 0123, @e, dd12be42-52a9-4a91-a8a1-11c01849e498]
[19juil.2025 17:23:59.237] [main/WARN] [net.minecraft.commands.Commands/]: Ambiguity between arguments [teleport, targets] and [teleport, destination] with inputs: [Player, 0123, dd12be42-52a9-4a91-a8a1-11c01849e498]
[19juil.2025 17:23:59.237] [main/WARN] [net.minecraft.commands.Commands/]: Ambiguity between arguments [teleport, targets, location] and [teleport, targets, destination] with inputs: [0.1 -0.5 .9, 0 0 0]
[19juil.2025 17:23:59.237] [main/WARN] [net.minecraft.commands.Commands/]: Ambiguity between arguments [waypoint, modify, waypoint, color, reset] and [waypoint, modify, waypoint, color, color] with inputs: [reset]
[19juil.2025 17:23:59.291] [modloading-worker-0/INFO] [net.neoforged.neoforge.common.NeoForgeMod/NEOFORGE-MOD]: NeoForge mod loading, version 21.7.23-beta, for MC 1.21.7
[19juil.2025 17:23:59.817] [Render thread/WARN] [net.minecraft.server.packs.VanillaPackResourcesBuilder/]: Assets URL 'union:/C:/Users/mathi/code/Modding/ORES/build/moddev/artifacts/neoforge-21.7.23-beta.jar%23212!/assets/.mcassetsroot' uses unexpected schema
[19juil.2025 17:23:59.819] [Render thread/WARN] [net.minecraft.server.packs.VanillaPackResourcesBuilder/]: Assets URL 'union:/C:/Users/mathi/code/Modding/ORES/build/moddev/artifacts/neoforge-21.7.23-beta.jar%23212!/data/.mcassetsroot' uses unexpected schema
[19juil.2025 17:23:59.862] [Render thread/INFO] [com.mojang.authlib.yggdrasil.YggdrasilAuthenticationService/]: Environment: Environment[sessionHost=https://sessionserver.mojang.com, servicesHost=https://api.minecraftservices.com, name=PROD]
[19juil.2025 17:23:59.873] [Render thread/INFO] [net.minecraft.client.Minecraft/]: Setting user: Dev
[19juil.2025 17:23:59.993] [Render thread/INFO] [net.minecraft.client.Minecraft/]: Backend library: LWJGL version 3.3.3+5
[19juil.2025 17:24:00.104] [Render thread/INFO] [net.minecraft.client.Minecraft/]: Using optional rendering extensions: GL_ARB_buffer_storage, GL_KHR_debug, GL_ARB_vertex_attrib_binding, GL_ARB_direct_state_access
[19juil.2025 17:24:00.639] [Render thread/INFO] [net.minecraft.server.packs.resources.ReloadableResourceManager/]: Reloading ResourceManager: vanilla, mod_resources, mod/ores, mod/neoforge
[19juil.2025 17:24:00.648] [resourceLoad/INFO] [com.ores.ORES/]: HELLO FROM COMMON SETUP
[19juil.2025 17:24:00.852] [resourceLoad/INFO] [net.minecraft.client.gui.font.providers.UnihexProvider/]: Found unifont_pua-16.0.03.hex, loading
[19juil.2025 17:24:00.852] [resourceLoad/INFO] [net.minecraft.client.gui.font.providers.UnihexProvider/]: Found unifont_all_no_pua-16.0.03.hex, loading
[19juil.2025 17:24:00.888] [resourceLoad/INFO] [net.minecraft.client.gui.font.providers.UnihexProvider/]: Found unifont_jp_patch-16.0.03.hex, loading
[19juil.2025 17:24:01.892] [resourceLoad/WARN] [net.minecraft.client.resources.model.ModelManager/]: Missing textures in model ores:block/redstone_ore:
    minecraft:textures/atlas/blocks.png:ores:block/redstone_ore
[19juil.2025 17:24:01.893] [resourceLoad/WARN] [net.minecraft.client.resources.model.ModelManager/]: Missing textures in model ores:item/raw_netherite:
    minecraft:textures/atlas/blocks.png:ores:item/raw_netherite
[19juil.2025 17:24:01.893] [resourceLoad/WARN] [net.minecraft.client.resources.model.ModelManager/]: Missing textures in model ores:block/end_stone_coal_ore:
    minecraft:textures/atlas/blocks.png:ores:block/end_stone_coal_ore
[19juil.2025 17:24:01.894] [resourceLoad/WARN] [net.minecraft.client.resources.model.ModelManager/]: Missing textures in model ores:block/basalt_coal_ore:
    minecraft:textures/atlas/blocks.png:ores:block/basalt_coal_ore
[19juil.2025 17:24:01.894] [resourceLoad/WARN] [net.minecraft.client.resources.model.ModelManager/]: Missing textures in model ores:block/basalt_copper_ore:
    minecraft:textures/atlas/blocks.png:ores:block/basalt_copper_ore
[19juil.2025 17:24:01.894] [resourceLoad/WARN] [net.minecraft.client.resources.model.ModelManager/]: Missing textures in model ores:block/redstone_block:
    minecraft:textures/atlas/blocks.png:ores:block/redstone_block
[19juil.2025 17:24:01.894] [resourceLoad/WARN] [net.minecraft.client.resources.model.ModelManager/]: Missing textures in model ores:item/quartz_dust:
    minecraft:textures/atlas/blocks.png:ores:item/quartz_dust
[19juil.2025 17:24:01.895] [resourceLoad/WARN] [net.minecraft.client.resources.model.ModelManager/]: Missing textures in model ores:block/calcite_lapis_ore:
    minecraft:textures/atlas/blocks.png:ores:block/calcite_lapis_ore
[19juil.2025 17:24:01.895] [resourceLoad/WARN] [net.minecraft.client.resources.model.ModelManager/]: Missing textures in model ores:block/gravel_emerald_ore:
    minecraft:textures/atlas/blocks.png:ores:block/gravel_emerald_ore
[19juil.2025 17:24:01.895] [resourceLoad/WARN] [net.minecraft.client.resources.model.ModelManager/]: Missing textures in model ores:block/polished_basalt_quartz_ore:
    minecraft:textures/atlas/blocks.png:ores:block/polished_basalt_quartz_ore
[19juil.2025 17:24:01.895] [resourceLoad/WARN] [net.minecraft.client.resources.model.ModelManager/]: Missing textures in model ores:item/coal_ingot:
    minecraft:textures/atlas/blocks.png:ores:item/coal_ingot
[19juil.2025 17:24:01.895] [resourceLoad/WARN] [net.minecraft.client.resources.model.ModelManager/]: Missing textures in model ores:block/diorite_copper_ore:
    minecraft:textures/atlas/blocks.png:ores:block/diorite_copper_ore
[19juil.2025 17:24:01.895] [resourceLoad/WARN] [net.minecraft.client.resources.model.ModelManager/]: Missing textures in model ores:block/calcite_diamond_ore:
    minecraft:textures/atlas/blocks.png:ores:block/calcite_diamond_ore
[19juil.2025 17:24:01.895] [resourceLoad/WARN] [net.minecraft.client.resources.model.ModelManager/]: Missing textures in model ores:item/coal_scrap:
    minecraft:textures/atlas/blocks.png:ores:item/coal_scrap
[19juil.2025 17:24:01.895] [resourceLoad/WARN] [net.minecraft.client.resources.model.ModelManager/]: Missing textures in model ores:block/calcite_amethyst_ore:
    minecraft:textures/atlas/blocks.png:ores:block/calcite_amethyst_ore
[19juil.2025 17:24:01.895] [resourceLoad/WARN] [net.minecraft.client.resources.model.ModelManager/]: Missing textures in model ores:item/diamond_nugget:
    minecraft:textures/atlas/blocks.png:ores:item/diamond_nugget
[19juil.2025 17:24:01.896] [resourceLoad/WARN] [net.minecraft.client.resources.model.ModelManager/]: Missing textures in model ores:block/diorite_gold_ore:
    minecraft:textures/atlas/blocks.png:ores:block/diorite_gold_ore
[19juil.2025 17:24:01.896] [resourceLoad/WARN] [net.minecraft.client.resources.model.ModelManager/]: Missing textures in model ores:item/raw_gold:
    minecraft:textures/atlas/blocks.png:ores:item/raw_gold
[19juil.2025 17:24:01.896] [resourceLoad/WARN] [net.minecraft.client.resources.model.ModelManager/]: Missing textures in model ores:block/andesite_copper_ore:
    minecraft:textures/atlas/blocks.png:ores:block/andesite_copper_ore
[19juil.2025 17:24:01.896] [resourceLoad/WARN] [net.minecraft.client.resources.model.ModelManager/]: Missing textures in model ores:block/calcite_redstone_ore:
    minecraft:textures/atlas/blocks.png:ores:block/calcite_redstone_ore
[19juil.2025 17:24:01.896] [resourceLoad/WARN] [net.minecraft.client.resources.model.ModelManager/]: Missing textures in model ores:block/raw_coal_block:
    minecraft:textures/atlas/blocks.png:ores:block/raw_coal_block
[19juil.2025 17:24:01.896] [resourceLoad/WARN] [net.minecraft.client.resources.model.ModelManager/]: Missing textures in model ores:block/deepslate_iron_ore:
    minecraft:textures/atlas/blocks.png:ores:block/deepslate_iron_ore
[19juil.2025 17:24:01.896] [resourceLoad/WARN] [net.minecraft.client.resources.model.ModelManager/]: Missing textures in model ores:block/sand_diamond_ore:
    minecraft:textures/atlas/blocks.png:ores:block/sand_diamond_ore
[19juil.2025 17:24:01.896] [resourceLoad/WARN] [net.minecraft.client.resources.model.ModelManager/]: Missing textures in model ores:block/polished_basalt_emerald_ore:
    minecraft:textures/atlas/blocks.png:ores:block/polished_basalt_emerald_ore
[19juil.2025 17:24:01.896] [resourceLoad/WARN] [net.minecraft.client.resources.model.ModelManager/]: Missing textures in model ores:block/sand_quartz_ore:
    minecraft:textures/atlas/blocks.png:ores:block/sand_quartz_ore
[19juil.2025 17:24:01.897] [resourceLoad/WARN] [net.minecraft.client.resources.model.ModelManager/]: Missing textures in model ores:block/gravel_iron_ore:
    minecraft:textures/atlas/blocks.png:ores:block/gravel_iron_ore
[19juil.2025 17:24:01.897] [resourceLoad/WARN] [net.minecraft.client.resources.model.ModelManager/]: Missing textures in model ores:block/soul_sand_coal_ore:
    minecraft:textures/atlas/blocks.png:ores:block/soul_sand_coal_ore
[19juil.2025 17:24:01.897] [resourceLoad/WARN] [net.minecraft.client.resources.model.ModelManager/]: Missing textures in model ores:block/dust_redstone_block:
    minecraft:textures/atlas/blocks.png:ores:block/dust_redstone_block
[19juil.2025 17:24:01.897] [resourceLoad/WARN] [net.minecraft.client.resources.model.ModelManager/]: Missing textures in model ores:block/deepslate_quartz_ore:
    minecraft:textures/atlas/blocks.png:ores:block/deepslate_quartz_ore
[19juil.2025 17:24:01.897] [resourceLoad/WARN] [net.minecraft.client.resources.model.ModelManager/]: Missing textures in model ores:block/raw_iron_block:
    minecraft:textures/atlas/blocks.png:ores:block/raw_iron_block
[19juil.2025 17:24:01.897] [resourceLoad/WARN] [net.minecraft.client.resources.model.ModelManager/]: Missing textures in model ores:block/granite_gold_ore:
    minecraft:textures/atlas/blocks.png:ores:block/granite_gold_ore
[19juil.2025 17:24:01.897] [resourceLoad/WARN] [net.minecraft.client.resources.model.ModelManager/]: Missing textures in model ores:item/lapis_dust:
    minecraft:textures/atlas/blocks.png:ores:item/lapis_dust
[19juil.2025 17:24:01.897] [resourceLoad/WARN] [net.minecraft.client.resources.model.ModelManager/]: Missing textures in model ores:block/gravel_gold_ore:
    minecraft:textures/atlas/blocks.png:ores:block/gravel_gold_ore
[19juil.2025 17:24:01.898] [resourceLoad/WARN] [net.minecraft.client.resources.model.ModelManager/]: Missing textures in model ores:block/obsidian_emerald_ore:
    minecraft:textures/atlas/blocks.png:ores:block/obsidian_emerald_ore
[19juil.2025 17:24:01.898] [resourceLoad/WARN] [net.minecraft.client.resources.model.ModelManager/]: Missing textures in model ores:block/copper_ore:
    minecraft:textures/atlas/blocks.png:ores:block/copper_ore
[19juil.2025 17:24:01.898] [resourceLoad/WARN] [net.minecraft.client.resources.model.ModelManager/]: Missing textures in model ores:block/diorite_amethyst_ore:
    minecraft:textures/atlas/blocks.png:ores:block/diorite_amethyst_ore
[19juil.2025 17:24:01.898] [resourceLoad/WARN] [net.minecraft.client.resources.model.ModelManager/]: Missing textures in model ores:block/obsidian_amethyst_ore:
    minecraft:textures/atlas/blocks.png:ores:block/obsidian_amethyst_ore
[19juil.2025 17:24:01.898] [resourceLoad/WARN] [net.minecraft.client.resources.model.ModelManager/]: Missing textures in model ores:block/gravel_diamond_ore:
    minecraft:textures/atlas/blocks.png:ores:block/gravel_diamond_ore
[19juil.2025 17:24:01.898] [resourceLoad/WARN] [net.minecraft.client.resources.model.ModelManager/]: Missing textures in model ores:block/netherrack_redstone_ore:
    minecraft:textures/atlas/blocks.png:ores:block/netherrack_redstone_ore
[19juil.2025 17:24:01.898] [resourceLoad/WARN] [net.minecraft.client.resources.model.ModelManager/]: Missing textures in model ores:block/polished_basalt_iron_ore:
    minecraft:textures/atlas/blocks.png:ores:block/polished_basalt_iron_ore
[19juil.2025 17:24:01.898] [resourceLoad/WARN] [net.minecraft.client.resources.model.ModelManager/]: Missing textures in model ores:item/gold_dust:
    minecraft:textures/atlas/blocks.png:ores:item/gold_dust
[19juil.2025 17:24:01.898] [resourceLoad/WARN] [net.minecraft.client.resources.model.ModelManager/]: Missing textures in model ores:block/granite_redstone_ore:
    minecraft:textures/atlas/blocks.png:ores:block/granite_redstone_ore
[19juil.2025 17:24:01.898] [resourceLoad/WARN] [net.minecraft.client.resources.model.ModelManager/]: Missing textures in model ores:item/diamond_ingot:
    minecraft:textures/atlas/blocks.png:ores:item/diamond_ingot
[19juil.2025 17:24:01.898] [resourceLoad/WARN] [net.minecraft.client.resources.model.ModelManager/]: Missing textures in model ores:block/obsidian_diamond_ore:
    minecraft:textures/atlas/blocks.png:ores:block/obsidian_diamond_ore
[19juil.2025 17:24:01.899] [resourceLoad/WARN] [net.minecraft.client.resources.model.ModelManager/]: Missing textures in model ores:block/soul_sand_emerald_ore:
    minecraft:textures/atlas/blocks.png:ores:block/soul_sand_emerald_ore
[19juil.2025 17:24:01.899] [resourceLoad/WARN] [net.minecraft.client.resources.model.ModelManager/]: Missing textures in model ores:block/lapis_ore:
    minecraft:textures/atlas/blocks.png:ores:block/lapis_ore
[19juil.2025 17:24:01.899] [resourceLoad/WARN] [net.minecraft.client.resources.model.ModelManager/]: Missing textures in model ores:block/netherrack_quartz_ore:
    minecraft:textures/atlas/blocks.png:ores:block/netherrack_quartz_ore
[19juil.2025 17:24:01.899] [resourceLoad/WARN] [net.minecraft.client.resources.model.ModelManager/]: Missing textures in model ores:block/sand_coal_ore:
    minecraft:textures/atlas/blocks.png:ores:block/sand_coal_ore
[19juil.2025 17:24:01.899] [resourceLoad/WARN] [net.minecraft.client.resources.model.ModelManager/]: Missing textures in model ores:block/calcite_quartz_ore:
    minecraft:textures/atlas/blocks.png:ores:block/calcite_quartz_ore
[19juil.2025 17:24:01.899] [resourceLoad/WARN] [net.minecraft.client.resources.model.ModelManager/]: Missing textures in model ores:block/gravel_copper_ore:
    minecraft:textures/atlas/blocks.png:ores:block/gravel_copper_ore
[19juil.2025 17:24:01.899] [resourceLoad/WARN] [net.minecraft.client.resources.model.ModelManager/]: Missing textures in model ores:block/iron_block:
    minecraft:textures/atlas/blocks.png:ores:block/iron_block
[19juil.2025 17:24:01.899] [resourceLoad/WARN] [net.minecraft.client.resources.model.ModelManager/]: Missing textures in model ores:item/diamond_scrap:
    minecraft:textures/atlas/blocks.png:ores:item/diamond_scrap
[19juil.2025 17:24:01.899] [resourceLoad/WARN] [net.minecraft.client.resources.model.ModelManager/]: Missing textures in model ores:block/soul_sand_gold_ore:
    minecraft:textures/atlas/blocks.png:ores:block/soul_sand_gold_ore
[19juil.2025 17:24:01.900] [resourceLoad/WARN] [net.minecraft.client.resources.model.ModelManager/]: Missing textures in model ores:block/netherite_block:
    minecraft:textures/atlas/blocks.png:ores:block/netherite_block
[19juil.2025 17:24:01.900] [resourceLoad/WARN] [net.minecraft.client.resources.model.ModelManager/]: Missing textures in model ores:block/polished_basalt_diamond_ore:
    minecraft:textures/atlas/blocks.png:ores:block/polished_basalt_diamond_ore
[19juil.2025 17:24:01.900] [resourceLoad/WARN] [net.minecraft.client.resources.model.ModelManager/]: Missing textures in model ores:block/tuff_netherite_ore:
    minecraft:textures/atlas/blocks.png:ores:block/tuff_netherite_ore
[19juil.2025 17:24:01.900] [resourceLoad/WARN] [net.minecraft.client.resources.model.ModelManager/]: Missing textures in model ores:block/dirt_copper_ore:
    minecraft:textures/atlas/blocks.png:ores:block/dirt_copper_ore
[19juil.2025 17:24:01.900] [resourceLoad/WARN] [net.minecraft.client.resources.model.ModelManager/]: Missing textures in model ores:block/netherite_ore:
    minecraft:textures/atlas/blocks.png:ores:block/netherite_ore
[19juil.2025 17:24:01.900] [resourceLoad/WARN] [net.minecraft.client.resources.model.ModelManager/]: Missing textures in model ores:block/andesite_emerald_ore:
    minecraft:textures/atlas/blocks.png:ores:block/andesite_emerald_ore
[19juil.2025 17:24:01.900] [resourceLoad/WARN] [net.minecraft.client.resources.model.ModelManager/]: Missing textures in model ores:block/copper_block:
    minecraft:textures/atlas/blocks.png:ores:block/copper_block
[19juil.2025 17:24:01.900] [resourceLoad/WARN] [net.minecraft.client.resources.model.ModelManager/]: Missing textures in model ores:block/coal_block:
    minecraft:textures/atlas/blocks.png:ores:block/coal_block
[19juil.2025 17:24:01.900] [resourceLoad/WARN] [net.minecraft.client.resources.model.ModelManager/]: Missing textures in model ores:block/gravel_lapis_ore:
    minecraft:textures/atlas/blocks.png:ores:block/gravel_lapis_ore
[19juil.2025 17:24:01.900] [resourceLoad/WARN] [net.minecraft.client.resources.model.ModelManager/]: Missing textures in model ores:block/amethyst_ore:
    minecraft:textures/atlas/blocks.png:ores:block/amethyst_ore
[19juil.2025 17:24:01.900] [resourceLoad/WARN] [net.minecraft.client.resources.model.ModelManager/]: Missing textures in model ores:block/iron_ore:
    minecraft:textures/atlas/blocks.png:ores:block/iron_ore
[19juil.2025 17:24:01.900] [resourceLoad/WARN] [net.minecraft.client.resources.model.ModelManager/]: Missing textures in model ores:block/tuff_diamond_ore:
    minecraft:textures/atlas/blocks.png:ores:block/tuff_diamond_ore
[19juil.2025 17:24:01.900] [resourceLoad/WARN] [net.minecraft.client.resources.model.ModelManager/]: Missing textures in model ores:block/andesite_lapis_ore:
    minecraft:textures/atlas/blocks.png:ores:block/andesite_lapis_ore
[19juil.2025 17:24:01.900] [resourceLoad/WARN] [net.minecraft.client.resources.model.ModelManager/]: Missing textures in model ores:item/netherite_dust:
    minecraft:textures/atlas/blocks.png:ores:item/netherite_dust
[19juil.2025 17:24:01.900] [resourceLoad/WARN] [net.minecraft.client.resources.model.ModelManager/]: Missing textures in model ores:item/diamond:
    minecraft:textures/atlas/blocks.png:ores:item/diamond
[19juil.2025 17:24:01.900] [resourceLoad/WARN] [net.minecraft.client.resources.model.ModelManager/]: Missing textures in model ores:block/raw_redstone_block:
    minecraft:textures/atlas/blocks.png:ores:block/raw_redstone_block
[19juil.2025 17:24:01.900] [resourceLoad/WARN] [net.minecraft.client.resources.model.ModelManager/]: Missing textures in model ores:block/soul_soil_diamond_ore:
    minecraft:textures/atlas/blocks.png:ores:block/soul_soil_diamond_ore
[19juil.2025 17:24:01.900] [resourceLoad/WARN] [net.minecraft.client.resources.model.ModelManager/]: Missing textures in model ores:block/dirt_emerald_ore:
    minecraft:textures/atlas/blocks.png:ores:block/dirt_emerald_ore
[19juil.2025 17:24:01.900] [resourceLoad/WARN] [net.minecraft.client.resources.model.ModelManager/]: Missing textures in model ores:block/netherrack_emerald_ore:
    minecraft:textures/atlas/blocks.png:ores:block/netherrack_emerald_ore
[19juil.2025 17:24:01.900] [resourceLoad/WARN] [net.minecraft.client.resources.model.ModelManager/]: Missing textures in model ores:block/tuff_coal_ore:
    minecraft:textures/atlas/blocks.png:ores:block/tuff_coal_ore
[19juil.2025 17:24:01.900] [resourceLoad/WARN] [net.minecraft.client.resources.model.ModelManager/]: Missing textures in model ores:block/calcite_gold_ore:
    minecraft:textures/atlas/blocks.png:ores:block/calcite_gold_ore
[19juil.2025 17:24:01.900] [resourceLoad/WARN] [net.minecraft.client.resources.model.ModelManager/]: Missing textures in model ores:block/dirt_coal_ore:
    minecraft:textures/atlas/blocks.png:ores:block/dirt_coal_ore
[19juil.2025 17:24:01.900] [resourceLoad/WARN] [net.minecraft.client.resources.model.ModelManager/]: Missing textures in model ores:block/andesite_coal_ore:
    minecraft:textures/atlas/blocks.png:ores:block/andesite_coal_ore
[19juil.2025 17:24:01.900] [resourceLoad/WARN] [net.minecraft.client.resources.model.ModelManager/]: Missing textures in model ores:block/calcite_netherite_ore:
    minecraft:textures/atlas/blocks.png:ores:block/calcite_netherite_ore
[19juil.2025 17:24:01.900] [resourceLoad/WARN] [net.minecraft.client.resources.model.ModelManager/]: Missing textures in model ores:block/gravel_netherite_ore:
    minecraft:textures/atlas/blocks.png:ores:block/gravel_netherite_ore
[19juil.2025 17:24:01.900] [resourceLoad/WARN] [net.minecraft.client.resources.model.ModelManager/]: Missing textures in model ores:block/diamond_block:
    minecraft:textures/atlas/blocks.png:ores:block/diamond_block
[19juil.2025 17:24:01.900] [resourceLoad/WARN] [net.minecraft.client.resources.model.ModelManager/]: Missing textures in model ores:block/netherrack_copper_ore:
    minecraft:textures/atlas/blocks.png:ores:block/netherrack_copper_ore
[19juil.2025 17:24:01.900] [resourceLoad/WARN] [net.minecraft.client.resources.model.ModelManager/]: Missing textures in model ores:block/cobblestone_gold_ore:
    minecraft:textures/atlas/blocks.png:ores:block/cobblestone_gold_ore
[19juil.2025 17:24:01.900] [resourceLoad/WARN] [net.minecraft.client.resources.model.ModelManager/]: Missing textures in model ores:block/basalt_diamond_ore:
    minecraft:textures/atlas/blocks.png:ores:block/basalt_diamond_ore
[19juil.2025 17:24:01.900] [resourceLoad/WARN] [net.minecraft.client.resources.model.ModelManager/]: Missing textures in model ores:item/gold_scrap:
    minecraft:textures/atlas/blocks.png:ores:item/gold_scrap
[19juil.2025 17:24:01.900] [resourceLoad/WARN] [net.minecraft.client.resources.model.ModelManager/]: Missing textures in model ores:block/dust_quartz_block:
    minecraft:textures/atlas/blocks.png:ores:block/dust_quartz_block
[19juil.2025 17:24:01.900] [resourceLoad/WARN] [net.minecraft.client.resources.model.ModelManager/]: Missing textures in model ores:item/redstone_scrap:
    minecraft:textures/atlas/blocks.png:ores:item/redstone_scrap
[19juil.2025 17:24:01.900] [resourceLoad/WARN] [net.minecraft.client.resources.model.ModelManager/]: Missing textures in model ores:block/gravel_coal_ore:
    minecraft:textures/atlas/blocks.png:ores:block/gravel_coal_ore
[19juil.2025 17:24:01.900] [resourceLoad/WARN] [net.minecraft.client.resources.model.ModelManager/]: Missing textures in model ores:block/dirt_netherite_ore:
    minecraft:textures/atlas/blocks.png:ores:block/dirt_netherite_ore
[19juil.2025 17:24:01.900] [resourceLoad/WARN] [net.minecraft.client.resources.model.ModelManager/]: Missing textures in model ores:block/sand_netherite_ore:
    minecraft:textures/atlas/blocks.png:ores:block/sand_netherite_ore
[19juil.2025 17:24:01.900] [resourceLoad/WARN] [net.minecraft.client.resources.model.ModelManager/]: Missing textures in model ores:block/raw_gold_block:
    minecraft:textures/atlas/blocks.png:ores:block/raw_gold_block
[19juil.2025 17:24:01.900] [resourceLoad/WARN] [net.minecraft.client.resources.model.ModelManager/]: Missing textures in model ores:block/dust_diamond_block:
    minecraft:textures/atlas/blocks.png:ores:block/dust_diamond_block
[19juil.2025 17:24:01.900] [resourceLoad/WARN] [net.minecraft.client.resources.model.ModelManager/]: Missing textures in model ores:block/granite_lapis_ore:
    minecraft:textures/atlas/blocks.png:ores:block/granite_lapis_ore
[19juil.2025 17:24:01.900] [resourceLoad/WARN] [net.minecraft.client.resources.model.ModelManager/]: Missing textures in model ores:block/diorite_emerald_ore:
    minecraft:textures/atlas/blocks.png:ores:block/diorite_emerald_ore
[19juil.2025 17:24:01.900] [resourceLoad/WARN] [net.minecraft.client.resources.model.ModelManager/]: Missing textures in model ores:block/obsidian_redstone_ore:
    minecraft:textures/atlas/blocks.png:ores:block/obsidian_redstone_ore
[19juil.2025 17:24:01.900] [resourceLoad/WARN] [net.minecraft.client.resources.model.ModelManager/]: Missing textures in model ores:block/cobblestone_diamond_ore:
    minecraft:textures/atlas/blocks.png:ores:block/cobblestone_diamond_ore
[19juil.2025 17:24:01.900] [resourceLoad/WARN] [net.minecraft.client.resources.model.ModelManager/]: Missing textures in model ores:item/redstone_dust:
    minecraft:textures/atlas/blocks.png:ores:item/redstone_dust
[19juil.2025 17:24:01.900] [resourceLoad/WARN] [net.minecraft.client.resources.model.ModelManager/]: Missing textures in model ores:block/sand_gold_ore:
    minecraft:textures/atlas/blocks.png:ores:block/sand_gold_ore
[19juil.2025 17:24:01.900] [resourceLoad/WARN] [net.minecraft.client.resources.model.ModelManager/]: Missing textures in model ores:block/tuff_lapis_ore:
    minecraft:textures/atlas/blocks.png:ores:block/tuff_lapis_ore
[19juil.2025 17:24:01.900] [resourceLoad/WARN] [net.minecraft.client.resources.model.ModelManager/]: Missing textures in model ores:item/raw_diamond:
    minecraft:textures/atlas/blocks.png:ores:item/raw_diamond
[19juil.2025 17:24:01.900] [resourceLoad/WARN] [net.minecraft.client.resources.model.ModelManager/]: Missing textures in model ores:block/diorite_coal_ore:
    minecraft:textures/atlas/blocks.png:ores:block/diorite_coal_ore
[19juil.2025 17:24:01.900] [resourceLoad/WARN] [net.minecraft.client.resources.model.ModelManager/]: Missing textures in model ores:block/granite_diamond_ore:
    minecraft:textures/atlas/blocks.png:ores:block/granite_diamond_ore
[19juil.2025 17:24:01.901] [resourceLoad/WARN] [net.minecraft.client.resources.model.ModelManager/]: Missing textures in model ores:block/quartz_block:
    minecraft:textures/atlas/blocks.png:ores:block/quartz_block
[19juil.2025 17:24:01.901] [resourceLoad/WARN] [net.minecraft.client.resources.model.ModelManager/]: Missing textures in model ores:block/diorite_redstone_ore:
    minecraft:textures/atlas/blocks.png:ores:block/diorite_redstone_ore
[19juil.2025 17:24:01.901] [resourceLoad/WARN] [net.minecraft.client.resources.model.ModelManager/]: Missing textures in model ores:block/polished_basalt_amethyst_ore:
    minecraft:textures/atlas/blocks.png:ores:block/polished_basalt_amethyst_ore
[19juil.2025 17:24:01.901] [resourceLoad/WARN] [net.minecraft.client.resources.model.ModelManager/]: Missing textures in model ores:block/end_stone_lapis_ore:
    minecraft:textures/atlas/blocks.png:ores:block/end_stone_lapis_ore
[19juil.2025 17:24:01.901] [resourceLoad/WARN] [net.minecraft.client.resources.model.ModelManager/]: Missing textures in model ores:block/dust_emerald_block:
    minecraft:textures/atlas/blocks.png:ores:block/dust_emerald_block
[19juil.2025 17:24:01.901] [resourceLoad/WARN] [net.minecraft.client.resources.model.ModelManager/]: Missing textures in model ores:block/sand_redstone_ore:
    minecraft:textures/atlas/blocks.png:ores:block/sand_redstone_ore
[19juil.2025 17:24:01.901] [resourceLoad/WARN] [net.minecraft.client.resources.model.ModelManager/]: Missing textures in model ores:block/granite_netherite_ore:
    minecraft:textures/atlas/blocks.png:ores:block/granite_netherite_ore
[19juil.2025 17:24:01.901] [resourceLoad/WARN] [net.minecraft.client.resources.model.ModelManager/]: Missing textures in model ores:item/quartz_ingot:
    minecraft:textures/atlas/blocks.png:ores:item/quartz_ingot
[19juil.2025 17:24:01.901] [resourceLoad/WARN] [net.minecraft.client.resources.model.ModelManager/]: Missing textures in model ores:block/coal_ore:
    minecraft:textures/atlas/blocks.png:ores:block/coal_ore
[19juil.2025 17:24:01.901] [resourceLoad/WARN] [net.minecraft.client.resources.model.ModelManager/]: Missing textures in model ores:block/deepslate_lapis_ore:
    minecraft:textures/atlas/blocks.png:ores:block/deepslate_lapis_ore
[19juil.2025 17:24:01.901] [resourceLoad/WARN] [net.minecraft.client.resources.model.ModelManager/]: Missing textures in model ores:block/soul_soil_coal_ore:
    minecraft:textures/atlas/blocks.png:ores:block/soul_soil_coal_ore
[19juil.2025 17:24:01.901] [resourceLoad/WARN] [net.minecraft.client.resources.model.ModelManager/]: Missing textures in model ores:block/soul_sand_netherite_ore:
    minecraft:textures/atlas/blocks.png:ores:block/soul_sand_netherite_ore
[19juil.2025 17:24:01.901] [resourceLoad/WARN] [net.minecraft.client.resources.model.ModelManager/]: Missing textures in model ores:block/granite_quartz_ore:
    minecraft:textures/atlas/blocks.png:ores:block/granite_quartz_ore
[19juil.2025 17:24:01.901] [resourceLoad/WARN] [net.minecraft.client.resources.model.ModelManager/]: Missing textures in model ores:item/coal_nugget:
    minecraft:textures/atlas/blocks.png:ores:item/coal_nugget
[19juil.2025 17:24:01.901] [resourceLoad/WARN] [net.minecraft.client.resources.model.ModelManager/]: Missing textures in model ores:block/gold_block:
    minecraft:textures/atlas/blocks.png:ores:block/gold_block
[19juil.2025 17:24:01.901] [resourceLoad/WARN] [net.minecraft.client.resources.model.ModelManager/]: Missing textures in model ores:block/end_stone_copper_ore:
    minecraft:textures/atlas/blocks.png:ores:block/end_stone_copper_ore
[19juil.2025 17:24:01.901] [resourceLoad/WARN] [net.minecraft.client.resources.model.ModelManager/]: Missing textures in model ores:block/andesite_diamond_ore:
    minecraft:textures/atlas/blocks.png:ores:block/andesite_diamond_ore
[19juil.2025 17:24:01.901] [resourceLoad/WARN] [net.minecraft.client.resources.model.ModelManager/]: Missing textures in model ores:item/emerald_ingot:
    minecraft:textures/atlas/blocks.png:ores:item/emerald_ingot
[19juil.2025 17:24:01.901] [resourceLoad/WARN] [net.minecraft.client.resources.model.ModelManager/]: Missing textures in model ores:block/cobblestone_iron_ore:
    minecraft:textures/atlas/blocks.png:ores:block/cobblestone_iron_ore
[19juil.2025 17:24:01.901] [resourceLoad/WARN] [net.minecraft.client.resources.model.ModelManager/]: Missing textures in model ores:item/lapis_scrap:
    minecraft:textures/atlas/blocks.png:ores:item/lapis_scrap
[19juil.2025 17:24:01.901] [resourceLoad/WARN] [net.minecraft.client.resources.model.ModelManager/]: Missing textures in model ores:block/obsidian_gold_ore:
    minecraft:textures/atlas/blocks.png:ores:block/obsidian_gold_ore
[19juil.2025 17:24:01.901] [resourceLoad/WARN] [net.minecraft.client.resources.model.ModelManager/]: Missing textures in model ores:item/quartz:
    minecraft:textures/atlas/blocks.png:ores:item/quartz
[19juil.2025 17:24:01.901] [resourceLoad/WARN] [net.minecraft.client.resources.model.ModelManager/]: Missing textures in model ores:block/cobblestone_amethyst_ore:
    minecraft:textures/atlas/blocks.png:ores:block/cobblestone_amethyst_ore
[19juil.2025 17:24:01.901] [resourceLoad/WARN] [net.minecraft.client.resources.model.ModelManager/]: Missing textures in model ores:block/netherrack_gold_ore:
    minecraft:textures/atlas/blocks.png:ores:block/netherrack_gold_ore
[19juil.2025 17:24:01.901] [resourceLoad/WARN] [net.minecraft.client.resources.model.ModelManager/]: Missing textures in model ores:block/tuff_copper_ore:
    minecraft:textures/atlas/blocks.png:ores:block/tuff_copper_ore
[19juil.2025 17:24:01.901] [resourceLoad/WARN] [net.minecraft.client.resources.model.ModelManager/]: Missing textures in model ores:block/deepslate_amethyst_ore:
    minecraft:textures/atlas/blocks.png:ores:block/deepslate_amethyst_ore
[19juil.2025 17:24:01.901] [resourceLoad/WARN] [net.minecraft.client.resources.model.ModelManager/]: Missing textures in model ores:block/obsidian_quartz_ore:
    minecraft:textures/atlas/blocks.png:ores:block/obsidian_quartz_ore
[19juil.2025 17:24:01.901] [resourceLoad/WARN] [net.minecraft.client.resources.model.ModelManager/]: Missing textures in model ores:item/iron_scrap:
    minecraft:textures/atlas/blocks.png:ores:item/iron_scrap
[19juil.2025 17:24:01.901] [resourceLoad/WARN] [net.minecraft.client.resources.model.ModelManager/]: Missing textures in model ores:block/gold_ore:
    minecraft:textures/atlas/blocks.png:ores:block/gold_ore
[19juil.2025 17:24:01.901] [resourceLoad/WARN] [net.minecraft.client.resources.model.ModelManager/]: Missing textures in model ores:item/quartz_nugget:
    minecraft:textures/atlas/blocks.png:ores:item/quartz_nugget
[19juil.2025 17:24:01.901] [resourceLoad/WARN] [net.minecraft.client.resources.model.ModelManager/]: Missing textures in model ores:block/andesite_quartz_ore:
    minecraft:textures/atlas/blocks.png:ores:block/andesite_quartz_ore
[19juil.2025 17:24:01.901] [resourceLoad/WARN] [net.minecraft.client.resources.model.ModelManager/]: Missing textures in model ores:block/raw_emerald_block:
    minecraft:textures/atlas/blocks.png:ores:block/raw_emerald_block
[19juil.2025 17:24:01.901] [resourceLoad/WARN] [net.minecraft.client.resources.model.ModelManager/]: Missing textures in model ores:block/dust_netherite_block:
    minecraft:textures/atlas/blocks.png:ores:block/dust_netherite_block
[19juil.2025 17:24:01.901] [resourceLoad/WARN] [net.minecraft.client.resources.model.ModelManager/]: Missing textures in model ores:block/sand_copper_ore:
    minecraft:textures/atlas/blocks.png:ores:block/sand_copper_ore
[19juil.2025 17:24:01.901] [resourceLoad/WARN] [net.minecraft.client.resources.model.ModelManager/]: Missing textures in model ores:block/granite_amethyst_ore:
    minecraft:textures/atlas/blocks.png:ores:block/granite_amethyst_ore
[19juil.2025 17:24:01.901] [resourceLoad/WARN] [net.minecraft.client.resources.model.ModelManager/]: Missing textures in model ores:block/raw_quartz_block:
    minecraft:textures/atlas/blocks.png:ores:block/raw_quartz_block
[19juil.2025 17:24:01.901] [resourceLoad/WARN] [net.minecraft.client.resources.model.ModelManager/]: Missing textures in model ores:item/diamond_dust:
    minecraft:textures/atlas/blocks.png:ores:item/diamond_dust
[19juil.2025 17:24:01.901] [resourceLoad/WARN] [net.minecraft.client.resources.model.ModelManager/]: Missing textures in model ores:block/netherrack_coal_ore:
    minecraft:textures/atlas/blocks.png:ores:block/netherrack_coal_ore
[19juil.2025 17:24:01.901] [resourceLoad/WARN] [net.minecraft.client.resources.model.ModelManager/]: Missing textures in model ores:block/polished_basalt_netherite_ore:
    minecraft:textures/atlas/blocks.png:ores:block/polished_basalt_netherite_ore
[19juil.2025 17:24:01.901] [resourceLoad/WARN] [net.minecraft.client.resources.model.ModelManager/]: Missing textures in model ores:block/amethyst_block:
    minecraft:textures/atlas/blocks.png:ores:block/amethyst_block
[19juil.2025 17:24:01.901] [resourceLoad/WARN] [net.minecraft.client.resources.model.ModelManager/]: Missing textures in model ores:block/obsidian_coal_ore:
    minecraft:textures/atlas/blocks.png:ores:block/obsidian_coal_ore
[19juil.2025 17:24:01.901] [resourceLoad/WARN] [net.minecraft.client.resources.model.ModelManager/]: Missing textures in model ores:item/amethyst_ingot:
    minecraft:textures/atlas/blocks.png:ores:item/amethyst_ingot
[19juil.2025 17:24:01.901] [resourceLoad/WARN] [net.minecraft.client.resources.model.ModelManager/]: Missing textures in model ores:block/granite_copper_ore:
    minecraft:textures/atlas/blocks.png:ores:block/granite_copper_ore
[19juil.2025 17:24:01.901] [resourceLoad/WARN] [net.minecraft.client.resources.model.ModelManager/]: Missing textures in model ores:block/emerald_ore:
    minecraft:textures/atlas/blocks.png:ores:block/emerald_ore
[19juil.2025 17:24:01.902] [resourceLoad/WARN] [net.minecraft.client.resources.model.ModelManager/]: Missing textures in model ores:block/raw_copper_block:
    minecraft:textures/atlas/blocks.png:ores:block/raw_copper_block
[19juil.2025 17:24:01.902] [resourceLoad/WARN] [net.minecraft.client.resources.model.ModelManager/]: Missing textures in model ores:block/obsidian_netherite_ore:
    minecraft:textures/atlas/blocks.png:ores:block/obsidian_netherite_ore
[19juil.2025 17:24:01.902] [resourceLoad/WARN] [net.minecraft.client.resources.model.ModelManager/]: Missing textures in model ores:item/coal:
    minecraft:textures/atlas/blocks.png:ores:item/coal
[19juil.2025 17:24:01.902] [resourceLoad/WARN] [net.minecraft.client.resources.model.ModelManager/]: Missing textures in model ores:block/tuff_quartz_ore:
    minecraft:textures/atlas/blocks.png:ores:block/tuff_quartz_ore
[19juil.2025 17:24:01.902] [resourceLoad/WARN] [net.minecraft.client.resources.model.ModelManager/]: Missing textures in model ores:block/soul_sand_redstone_ore:
    minecraft:textures/atlas/blocks.png:ores:block/soul_sand_redstone_ore
[19juil.2025 17:24:01.902] [resourceLoad/WARN] [net.minecraft.client.resources.model.ModelManager/]: Missing textures in model ores:item/copper_ingot:
    minecraft:textures/atlas/blocks.png:ores:item/copper_ingot
[19juil.2025 17:24:01.902] [resourceLoad/WARN] [net.minecraft.client.resources.model.ModelManager/]: Missing textures in model ores:block/end_stone_diamond_ore:
    minecraft:textures/atlas/blocks.png:ores:block/end_stone_diamond_ore
[19juil.2025 17:24:01.902] [resourceLoad/WARN] [net.minecraft.client.resources.model.ModelManager/]: Missing textures in model ores:block/calcite_copper_ore:
    minecraft:textures/atlas/blocks.png:ores:block/calcite_copper_ore
[19juil.2025 17:24:01.902] [resourceLoad/WARN] [net.minecraft.client.resources.model.ModelManager/]: Missing textures in model ores:block/dirt_gold_ore:
    minecraft:textures/atlas/blocks.png:ores:block/dirt_gold_ore
[19juil.2025 17:24:01.902] [resourceLoad/WARN] [net.minecraft.client.resources.model.ModelManager/]: Missing textures in model ores:block/calcite_coal_ore:
    minecraft:textures/atlas/blocks.png:ores:block/calcite_coal_ore
[19juil.2025 17:24:01.902] [resourceLoad/WARN] [net.minecraft.client.resources.model.ModelManager/]: Missing textures in model ores:block/dirt_quartz_ore:
    minecraft:textures/atlas/blocks.png:ores:block/dirt_quartz_ore
[19juil.2025 17:24:01.902] [resourceLoad/WARN] [net.minecraft.client.resources.model.ModelManager/]: Missing textures in model ores:block/dust_amethyst_block:
    minecraft:textures/atlas/blocks.png:ores:block/dust_amethyst_block
[19juil.2025 17:24:01.902] [resourceLoad/WARN] [net.minecraft.client.resources.model.ModelManager/]: Missing textures in model ores:block/diorite_diamond_ore:
    minecraft:textures/atlas/blocks.png:ores:block/diorite_diamond_ore
[19juil.2025 17:24:01.902] [resourceLoad/WARN] [net.minecraft.client.resources.model.ModelManager/]: Missing textures in model ores:block/andesite_gold_ore:
    minecraft:textures/atlas/blocks.png:ores:block/andesite_gold_ore
[19juil.2025 17:24:01.902] [resourceLoad/WARN] [net.minecraft.client.resources.model.ModelManager/]: Missing textures in model ores:block/dust_lapis_block:
    minecraft:textures/atlas/blocks.png:ores:block/dust_lapis_block
[19juil.2025 17:24:01.902] [resourceLoad/WARN] [net.minecraft.client.resources.model.ModelManager/]: Missing textures in model ores:item/gold_nugget:
    minecraft:textures/atlas/blocks.png:ores:item/gold_nugget
[19juil.2025 17:24:01.902] [resourceLoad/WARN] [net.minecraft.client.resources.model.ModelManager/]: Missing textures in model ores:block/end_stone_quartz_ore:
    minecraft:textures/atlas/blocks.png:ores:block/end_stone_quartz_ore
[19juil.2025 17:24:01.902] [resourceLoad/WARN] [net.minecraft.client.resources.model.ModelManager/]: Missing textures in model ores:block/dust_copper_block:
    minecraft:textures/atlas/blocks.png:ores:block/dust_copper_block
[19juil.2025 17:24:01.902] [resourceLoad/WARN] [net.minecraft.client.resources.model.ModelManager/]: Missing textures in model ores:item/raw_copper:
    minecraft:textures/atlas/blocks.png:ores:item/raw_copper
[19juil.2025 17:24:01.902] [resourceLoad/WARN] [net.minecraft.client.resources.model.ModelManager/]: Missing textures in model ores:block/soul_soil_amethyst_ore:
    minecraft:textures/atlas/blocks.png:ores:block/soul_soil_amethyst_ore
[19juil.2025 17:24:01.902] [resourceLoad/WARN] [net.minecraft.client.resources.model.ModelManager/]: Missing textures in model ores:block/soul_sand_amethyst_ore:
    minecraft:textures/atlas/blocks.png:ores:block/soul_sand_amethyst_ore
[19juil.2025 17:24:01.902] [resourceLoad/WARN] [net.minecraft.client.resources.model.ModelManager/]: Missing textures in model ores:block/obsidian_copper_ore:
    minecraft:textures/atlas/blocks.png:ores:block/obsidian_copper_ore
[19juil.2025 17:24:01.902] [resourceLoad/WARN] [net.minecraft.client.resources.model.ModelManager/]: Missing textures in model ores:item/copper_nugget:
    minecraft:textures/atlas/blocks.png:ores:item/copper_nugget
[19juil.2025 17:24:01.902] [resourceLoad/WARN] [net.minecraft.client.resources.model.ModelManager/]: Missing textures in model ores:item/netherite_nugget:
    minecraft:textures/atlas/blocks.png:ores:item/netherite_nugget
[19juil.2025 17:24:01.902] [resourceLoad/WARN] [net.minecraft.client.resources.model.ModelManager/]: Missing textures in model ores:block/sand_iron_ore:
    minecraft:textures/atlas/blocks.png:ores:block/sand_iron_ore
[19juil.2025 17:24:01.902] [resourceLoad/WARN] [net.minecraft.client.resources.model.ModelManager/]: Missing textures in model ores:block/tuff_gold_ore:
    minecraft:textures/atlas/blocks.png:ores:block/tuff_gold_ore
[19juil.2025 17:24:01.902] [resourceLoad/WARN] [net.minecraft.client.resources.model.ModelManager/]: Missing textures in model ores:block/basalt_amethyst_ore:
    minecraft:textures/atlas/blocks.png:ores:block/basalt_amethyst_ore
[19juil.2025 17:24:01.902] [resourceLoad/WARN] [net.minecraft.client.resources.model.ModelManager/]: Missing textures in model ores:block/deepslate_emerald_ore:
    minecraft:textures/atlas/blocks.png:ores:block/deepslate_emerald_ore
[19juil.2025 17:24:01.902] [resourceLoad/WARN] [net.minecraft.client.resources.model.ModelManager/]: Missing textures in model ores:block/netherrack_diamond_ore:
    minecraft:textures/atlas/blocks.png:ores:block/netherrack_diamond_ore
[19juil.2025 17:24:01.902] [resourceLoad/WARN] [net.minecraft.client.resources.model.ModelManager/]: Missing textures in model ores:block/tuff_iron_ore:
    minecraft:textures/atlas/blocks.png:ores:block/tuff_iron_ore
[19juil.2025 17:24:01.902] [resourceLoad/WARN] [net.minecraft.client.resources.model.ModelManager/]: Missing textures in model ores:item/raw_amethyst:
    minecraft:textures/atlas/blocks.png:ores:item/raw_amethyst
[19juil.2025 17:24:01.902] [resourceLoad/WARN] [net.minecraft.client.resources.model.ModelManager/]: Missing textures in model ores:block/polished_basalt_coal_ore:
    minecraft:textures/atlas/blocks.png:ores:block/polished_basalt_coal_ore
[19juil.2025 17:24:01.903] [resourceLoad/WARN] [net.minecraft.client.resources.model.ModelManager/]: Missing textures in model ores:item/emerald:
    minecraft:textures/atlas/blocks.png:ores:item/emerald
[19juil.2025 17:24:01.903] [resourceLoad/WARN] [net.minecraft.client.resources.model.ModelManager/]: Missing textures in model ores:block/basalt_quartz_ore:
    minecraft:textures/atlas/blocks.png:ores:block/basalt_quartz_ore
[19juil.2025 17:24:01.903] [resourceLoad/WARN] [net.minecraft.client.resources.model.ModelManager/]: Missing textures in model ores:block/cobblestone_lapis_ore:
    minecraft:textures/atlas/blocks.png:ores:block/cobblestone_lapis_ore
[19juil.2025 17:24:01.903] [resourceLoad/WARN] [net.minecraft.client.resources.model.ModelManager/]: Missing textures in model ores:item/iron_dust:
    minecraft:textures/atlas/blocks.png:ores:item/iron_dust
[19juil.2025 17:24:01.903] [resourceLoad/WARN] [net.minecraft.client.resources.model.ModelManager/]: Missing textures in model ores:block/polished_basalt_lapis_ore:
    minecraft:textures/atlas/blocks.png:ores:block/polished_basalt_lapis_ore
[19juil.2025 17:24:01.903] [resourceLoad/WARN] [net.minecraft.client.resources.model.ModelManager/]: Missing textures in model ores:block/end_stone_amethyst_ore:
    minecraft:textures/atlas/blocks.png:ores:block/end_stone_amethyst_ore
[19juil.2025 17:24:01.903] [resourceLoad/WARN] [net.minecraft.client.resources.model.ModelManager/]: Missing textures in model ores:block/gravel_amethyst_ore:
    minecraft:textures/atlas/blocks.png:ores:block/gravel_amethyst_ore
[19juil.2025 17:24:01.903] [resourceLoad/WARN] [net.minecraft.client.resources.model.ModelManager/]: Missing textures in model ores:block/dirt_iron_ore:
    minecraft:textures/atlas/blocks.png:ores:block/dirt_iron_ore
[19juil.2025 17:24:01.903] [resourceLoad/WARN] [net.minecraft.client.resources.model.ModelManager/]: Missing textures in model ores:block/soul_soil_gold_ore:
    minecraft:textures/atlas/blocks.png:ores:block/soul_soil_gold_ore
[19juil.2025 17:24:01.903] [resourceLoad/WARN] [net.minecraft.client.resources.model.ModelManager/]: Missing textures in model ores:block/soul_sand_lapis_ore:
    minecraft:textures/atlas/blocks.png:ores:block/soul_sand_lapis_ore
[19juil.2025 17:24:01.903] [resourceLoad/WARN] [net.minecraft.client.resources.model.ModelManager/]: Missing textures in model ores:block/end_stone_iron_ore:
    minecraft:textures/atlas/blocks.png:ores:block/end_stone_iron_ore
[19juil.2025 17:24:01.904] [resourceLoad/WARN] [net.minecraft.client.resources.model.ModelManager/]: Missing textures in model ores:item/coal_dust:
    minecraft:textures/atlas/blocks.png:ores:item/coal_dust
[19juil.2025 17:24:01.904] [resourceLoad/WARN] [net.minecraft.client.resources.model.ModelManager/]: Missing textures in model ores:block/diorite_lapis_ore:
    minecraft:textures/atlas/blocks.png:ores:block/diorite_lapis_ore
[19juil.2025 17:24:01.904] [resourceLoad/WARN] [net.minecraft.client.resources.model.ModelManager/]: Missing textures in model ores:block/soul_soil_redstone_ore:
    minecraft:textures/atlas/blocks.png:ores:block/soul_soil_redstone_ore
[19juil.2025 17:24:01.904] [resourceLoad/WARN] [net.minecraft.client.resources.model.ModelManager/]: Missing textures in model ores:block/dirt_redstone_ore:
    minecraft:textures/atlas/blocks.png:ores:block/dirt_redstone_ore
[19juil.2025 17:24:01.904] [resourceLoad/WARN] [net.minecraft.client.resources.model.ModelManager/]: Missing textures in model ores:item/raw_redstone:
    minecraft:textures/atlas/blocks.png:ores:item/raw_redstone
[19juil.2025 17:24:01.904] [resourceLoad/WARN] [net.minecraft.client.resources.model.ModelManager/]: Missing textures in model ores:block/deepslate_redstone_ore:
    minecraft:textures/atlas/blocks.png:ores:block/deepslate_redstone_ore
[19juil.2025 17:24:01.904] [resourceLoad/WARN] [net.minecraft.client.resources.model.ModelManager/]: Missing textures in model ores:block/diamond_ore:
    minecraft:textures/atlas/blocks.png:ores:block/diamond_ore
[19juil.2025 17:24:01.904] [resourceLoad/WARN] [net.minecraft.client.resources.model.ModelManager/]: Missing textures in model ores:block/soul_soil_lapis_ore:
    minecraft:textures/atlas/blocks.png:ores:block/soul_soil_lapis_ore
[19juil.2025 17:24:01.904] [resourceLoad/WARN] [net.minecraft.client.resources.model.ModelManager/]: Missing textures in model ores:block/diorite_quartz_ore:
    minecraft:textures/atlas/blocks.png:ores:block/diorite_quartz_ore
[19juil.2025 17:24:01.904] [resourceLoad/WARN] [net.minecraft.client.resources.model.ModelManager/]: Missing textures in model ores:block/dirt_lapis_ore:
    minecraft:textures/atlas/blocks.png:ores:block/dirt_lapis_ore
[19juil.2025 17:24:01.904] [resourceLoad/WARN] [net.minecraft.client.resources.model.ModelManager/]: Missing textures in model ores:item/emerald_nugget:
    minecraft:textures/atlas/blocks.png:ores:item/emerald_nugget
[19juil.2025 17:24:01.904] [resourceLoad/WARN] [net.minecraft.client.resources.model.ModelManager/]: Missing textures in model ores:item/netherite_scrap:
    minecraft:textures/atlas/blocks.png:ores:item/netherite_scrap
[19juil.2025 17:24:01.904] [resourceLoad/WARN] [net.minecraft.client.resources.model.ModelManager/]: Missing textures in model ores:block/end_stone_emerald_ore:
    minecraft:textures/atlas/blocks.png:ores:block/end_stone_emerald_ore
[19juil.2025 17:24:01.904] [resourceLoad/WARN] [net.minecraft.client.resources.model.ModelManager/]: Missing textures in model ores:block/gravel_redstone_ore:
    minecraft:textures/atlas/blocks.png:ores:block/gravel_redstone_ore
[19juil.2025 17:24:01.904] [resourceLoad/WARN] [net.minecraft.client.resources.model.ModelManager/]: Missing textures in model ores:item/netherite_ingot:
    minecraft:textures/atlas/blocks.png:ores:item/netherite_ingot
[19juil.2025 17:24:01.904] [resourceLoad/WARN] [net.minecraft.client.resources.model.ModelManager/]: Missing textures in model ores:block/dust_iron_block:
    minecraft:textures/atlas/blocks.png:ores:block/dust_iron_block
[19juil.2025 17:24:01.904] [resourceLoad/WARN] [net.minecraft.client.resources.model.ModelManager/]: Missing textures in model ores:block/cobblestone_coal_ore:
    minecraft:textures/atlas/blocks.png:ores:block/cobblestone_coal_ore
[19juil.2025 17:24:01.904] [resourceLoad/WARN] [net.minecraft.client.resources.model.ModelManager/]: Missing textures in model ores:block/cobblestone_copper_ore:
    minecraft:textures/atlas/blocks.png:ores:block/cobblestone_copper_ore
[19juil.2025 17:24:01.904] [resourceLoad/WARN] [net.minecraft.client.resources.model.ModelManager/]: Missing textures in model ores:block/andesite_redstone_ore:
    minecraft:textures/atlas/blocks.png:ores:block/andesite_redstone_ore
[19juil.2025 17:24:01.904] [resourceLoad/WARN] [net.minecraft.client.resources.model.ModelManager/]: Missing textures in model ores:item/raw_coal:
    minecraft:textures/atlas/blocks.png:ores:item/raw_coal
[19juil.2025 17:24:01.905] [resourceLoad/WARN] [net.minecraft.client.resources.model.ModelManager/]: Missing textures in model ores:block/end_stone_redstone_ore:
    minecraft:textures/atlas/blocks.png:ores:block/end_stone_redstone_ore
[19juil.2025 17:24:01.905] [resourceLoad/WARN] [net.minecraft.client.resources.model.ModelManager/]: Missing textures in model ores:item/amethyst_dust:
    minecraft:textures/atlas/blocks.png:ores:item/amethyst_dust
[19juil.2025 17:24:01.905] [resourceLoad/WARN] [net.minecraft.client.resources.model.ModelManager/]: Missing textures in model ores:block/raw_diamond_block:
    minecraft:textures/atlas/blocks.png:ores:block/raw_diamond_block
[19juil.2025 17:24:01.905] [resourceLoad/WARN] [net.minecraft.client.resources.model.ModelManager/]: Missing textures in model ores:item/lapis_nugget:
    minecraft:textures/atlas/blocks.png:ores:item/lapis_nugget
[19juil.2025 17:24:01.905] [resourceLoad/WARN] [net.minecraft.client.resources.model.ModelManager/]: Missing textures in model ores:block/obsidian_lapis_ore:
    minecraft:textures/atlas/blocks.png:ores:block/obsidian_lapis_ore
[19juil.2025 17:24:01.905] [resourceLoad/WARN] [net.minecraft.client.resources.model.ModelManager/]: Missing textures in model ores:item/copper_scrap:
    minecraft:textures/atlas/blocks.png:ores:item/copper_scrap
[19juil.2025 17:24:01.905] [resourceLoad/WARN] [net.minecraft.client.resources.model.ModelManager/]: Missing textures in model ores:item/gold_ingot:
    minecraft:textures/atlas/blocks.png:ores:item/gold_ingot
[19juil.2025 17:24:01.905] [resourceLoad/WARN] [net.minecraft.client.resources.model.ModelManager/]: Missing textures in model ores:block/emerald_block:
    minecraft:textures/atlas/blocks.png:ores:block/emerald_block
[19juil.2025 17:24:01.905] [resourceLoad/WARN] [net.minecraft.client.resources.model.ModelManager/]: Missing textures in model ores:block/deepslate_coal_ore:
    minecraft:textures/atlas/blocks.png:ores:block/deepslate_coal_ore
[19juil.2025 17:24:01.905] [resourceLoad/WARN] [net.minecraft.client.resources.model.ModelManager/]: Missing textures in model ores:block/diorite_netherite_ore:
    minecraft:textures/atlas/blocks.png:ores:block/diorite_netherite_ore
[19juil.2025 17:24:01.905] [resourceLoad/WARN] [net.minecraft.client.resources.model.ModelManager/]: Missing textures in model ores:block/dust_coal_block:
    minecraft:textures/atlas/blocks.png:ores:block/dust_coal_block
[19juil.2025 17:24:01.905] [resourceLoad/WARN] [net.minecraft.client.resources.model.ModelManager/]: Missing textures in model ores:block/deepslate_copper_ore:
    minecraft:textures/atlas/blocks.png:ores:block/deepslate_copper_ore
[19juil.2025 17:24:01.905] [resourceLoad/WARN] [net.minecraft.client.resources.model.ModelManager/]: Missing textures in model ores:block/soul_soil_iron_ore:
    minecraft:textures/atlas/blocks.png:ores:block/soul_soil_iron_ore
[19juil.2025 17:24:01.905] [resourceLoad/WARN] [net.minecraft.client.resources.model.ModelManager/]: Missing textures in model ores:block/soul_sand_quartz_ore:
    minecraft:textures/atlas/blocks.png:ores:block/soul_sand_quartz_ore
[19juil.2025 17:24:01.905] [resourceLoad/WARN] [net.minecraft.client.resources.model.ModelManager/]: Missing textures in model ores:block/basalt_lapis_ore:
    minecraft:textures/atlas/blocks.png:ores:block/basalt_lapis_ore
[19juil.2025 17:24:01.905] [resourceLoad/WARN] [net.minecraft.client.resources.model.ModelManager/]: Missing textures in model ores:block/soul_soil_quartz_ore:
    minecraft:textures/atlas/blocks.png:ores:block/soul_soil_quartz_ore
[19juil.2025 17:24:01.905] [resourceLoad/WARN] [net.minecraft.client.resources.model.ModelManager/]: Missing textures in model ores:block/polished_basalt_redstone_ore:
    minecraft:textures/atlas/blocks.png:ores:block/polished_basalt_redstone_ore
[19juil.2025 17:24:01.905] [resourceLoad/WARN] [net.minecraft.client.resources.model.ModelManager/]: Missing textures in model ores:block/soul_soil_emerald_ore:
    minecraft:textures/atlas/blocks.png:ores:block/soul_soil_emerald_ore
[19juil.2025 17:24:01.905] [resourceLoad/WARN] [net.minecraft.client.resources.model.ModelManager/]: Missing textures in model ores:item/redstone_ingot:
    minecraft:textures/atlas/blocks.png:ores:item/redstone_ingot
[19juil.2025 17:24:01.905] [resourceLoad/WARN] [net.minecraft.client.resources.model.ModelManager/]: Missing textures in model ores:block/deepslate_diamond_ore:
    minecraft:textures/atlas/blocks.png:ores:block/deepslate_diamond_ore
[19juil.2025 17:24:01.906] [resourceLoad/WARN] [net.minecraft.client.resources.model.ModelManager/]: Missing textures in model ores:block/andesite_netherite_ore:
    minecraft:textures/atlas/blocks.png:ores:block/andesite_netherite_ore
[19juil.2025 17:24:01.906] [resourceLoad/WARN] [net.minecraft.client.resources.model.ModelManager/]: Missing textures in model ores:block/netherrack_lapis_ore:
    minecraft:textures/atlas/blocks.png:ores:block/netherrack_lapis_ore
[19juil.2025 17:24:01.906] [resourceLoad/WARN] [net.minecraft.client.resources.model.ModelManager/]: Missing textures in model ores:item/raw_quartz:
    minecraft:textures/atlas/blocks.png:ores:item/raw_quartz
[19juil.2025 17:24:01.906] [resourceLoad/WARN] [net.minecraft.client.resources.model.ModelManager/]: Missing textures in model ores:block/end_stone_gold_ore:
    minecraft:textures/atlas/blocks.png:ores:block/end_stone_gold_ore
[19juil.2025 17:24:01.906] [resourceLoad/WARN] [net.minecraft.client.resources.model.ModelManager/]: Missing textures in model ores:block/basalt_gold_ore:
    minecraft:textures/atlas/blocks.png:ores:block/basalt_gold_ore
[19juil.2025 17:24:01.906] [resourceLoad/WARN] [net.minecraft.client.resources.model.ModelManager/]: Missing textures in model ores:item/raw_lapis:
    minecraft:textures/atlas/blocks.png:ores:item/raw_lapis
[19juil.2025 17:24:01.906] [resourceLoad/WARN] [net.minecraft.client.resources.model.ModelManager/]: Missing textures in model ores:block/deepslate_netherite_ore:
    minecraft:textures/atlas/blocks.png:ores:block/deepslate_netherite_ore
[19juil.2025 17:24:01.906] [resourceLoad/WARN] [net.minecraft.client.resources.model.ModelManager/]: Missing textures in model ores:block/cobblestone_redstone_ore:
    minecraft:textures/atlas/blocks.png:ores:block/cobblestone_redstone_ore
[19juil.2025 17:24:01.906] [resourceLoad/WARN] [net.minecraft.client.resources.model.ModelManager/]: Missing textures in model ores:block/polished_basalt_gold_ore:
    minecraft:textures/atlas/blocks.png:ores:block/polished_basalt_gold_ore
[19juil.2025 17:24:01.906] [resourceLoad/WARN] [net.minecraft.client.resources.model.ModelManager/]: Missing textures in model ores:item/raw_iron:
    minecraft:textures/atlas/blocks.png:ores:item/raw_iron
[19juil.2025 17:24:01.906] [resourceLoad/WARN] [net.minecraft.client.resources.model.ModelManager/]: Missing textures in model ores:block/tuff_redstone_ore:
    minecraft:textures/atlas/blocks.png:ores:block/tuff_redstone_ore
[19juil.2025 17:24:01.906] [resourceLoad/WARN] [net.minecraft.client.resources.model.ModelManager/]: Missing textures in model ores:block/diorite_iron_ore:
    minecraft:textures/atlas/blocks.png:ores:block/diorite_iron_ore
[19juil.2025 17:24:01.906] [resourceLoad/WARN] [net.minecraft.client.resources.model.ModelManager/]: Missing textures in model ores:block/cobblestone_netherite_ore:
    minecraft:textures/atlas/blocks.png:ores:block/cobblestone_netherite_ore
[19juil.2025 17:24:01.906] [resourceLoad/WARN] [net.minecraft.client.resources.model.ModelManager/]: Missing textures in model ores:block/granite_coal_ore:
    minecraft:textures/atlas/blocks.png:ores:block/granite_coal_ore
[19juil.2025 17:24:01.906] [resourceLoad/WARN] [net.minecraft.client.resources.model.ModelManager/]: Missing textures in model ores:block/dirt_amethyst_ore:
    minecraft:textures/atlas/blocks.png:ores:block/dirt_amethyst_ore
[19juil.2025 17:24:01.906] [resourceLoad/WARN] [net.minecraft.client.resources.model.ModelManager/]: Missing textures in model ores:block/tuff_amethyst_ore:
    minecraft:textures/atlas/blocks.png:ores:block/tuff_amethyst_ore
[19juil.2025 17:24:01.906] [resourceLoad/WARN] [net.minecraft.client.resources.model.ModelManager/]: Missing textures in model ores:block/deepslate_gold_ore:
    minecraft:textures/atlas/blocks.png:ores:block/deepslate_gold_ore
[19juil.2025 17:24:01.906] [resourceLoad/WARN] [net.minecraft.client.resources.model.ModelManager/]: Missing textures in model ores:block/gravel_quartz_ore:
    minecraft:textures/atlas/blocks.png:ores:block/gravel_quartz_ore
[19juil.2025 17:24:01.906] [resourceLoad/WARN] [net.minecraft.client.resources.model.ModelManager/]: Missing textures in model ores:block/calcite_emerald_ore:
    minecraft:textures/atlas/blocks.png:ores:block/calcite_emerald_ore
[19juil.2025 17:24:01.906] [resourceLoad/WARN] [net.minecraft.client.resources.model.ModelManager/]: Missing textures in model ores:block/basalt_netherite_ore:
    minecraft:textures/atlas/blocks.png:ores:block/basalt_netherite_ore
[19juil.2025 17:24:01.906] [resourceLoad/WARN] [net.minecraft.client.resources.model.ModelManager/]: Missing textures in model ores:block/dirt_diamond_ore:
    minecraft:textures/atlas/blocks.png:ores:block/dirt_diamond_ore
[19juil.2025 17:24:01.906] [resourceLoad/WARN] [net.minecraft.client.resources.model.ModelManager/]: Missing textures in model ores:block/tuff_emerald_ore:
    minecraft:textures/atlas/blocks.png:ores:block/tuff_emerald_ore
[19juil.2025 17:24:01.907] [resourceLoad/WARN] [net.minecraft.client.resources.model.ModelManager/]: Missing textures in model ores:block/obsidian_iron_ore:
    minecraft:textures/atlas/blocks.png:ores:block/obsidian_iron_ore
[19juil.2025 17:24:01.907] [resourceLoad/WARN] [net.minecraft.client.resources.model.ModelManager/]: Missing textures in model ores:block/granite_iron_ore:
    minecraft:textures/atlas/blocks.png:ores:block/granite_iron_ore
[19juil.2025 17:24:01.907] [resourceLoad/WARN] [net.minecraft.client.resources.model.ModelManager/]: Missing textures in model ores:block/netherrack_iron_ore:
    minecraft:textures/atlas/blocks.png:ores:block/netherrack_iron_ore
[19juil.2025 17:24:01.907] [resourceLoad/WARN] [net.minecraft.client.resources.model.ModelManager/]: Missing textures in model ores:item/emerald_scrap:
    minecraft:textures/atlas/blocks.png:ores:item/emerald_scrap
[19juil.2025 17:24:01.907] [resourceLoad/WARN] [net.minecraft.client.resources.model.ModelManager/]: Missing textures in model ores:block/netherrack_netherite_ore:
    minecraft:textures/atlas/blocks.png:ores:block/netherrack_netherite_ore
[19juil.2025 17:24:01.907] [resourceLoad/WARN] [net.minecraft.client.resources.model.ModelManager/]: Missing textures in model ores:block/cobblestone_quartz_ore:
    minecraft:textures/atlas/blocks.png:ores:block/cobblestone_quartz_ore
[19juil.2025 17:24:01.907] [resourceLoad/WARN] [net.minecraft.client.resources.model.ModelManager/]: Missing textures in model ores:item/quartz_scrap:
    minecraft:textures/atlas/blocks.png:ores:item/quartz_scrap
[19juil.2025 17:24:01.907] [resourceLoad/WARN] [net.minecraft.client.resources.model.ModelManager/]: Missing textures in model ores:block/sand_lapis_ore:
    minecraft:textures/atlas/blocks.png:ores:block/sand_lapis_ore
[19juil.2025 17:24:01.907] [resourceLoad/WARN] [net.minecraft.client.resources.model.ModelManager/]: Missing textures in model ores:block/soul_sand_diamond_ore:
    minecraft:textures/atlas/blocks.png:ores:block/soul_sand_diamond_ore
[19juil.2025 17:24:01.907] [resourceLoad/WARN] [net.minecraft.client.resources.model.ModelManager/]: Missing textures in model ores:block/soul_sand_copper_ore:
    minecraft:textures/atlas/blocks.png:ores:block/soul_sand_copper_ore
[19juil.2025 17:24:01.907] [resourceLoad/WARN] [net.minecraft.client.resources.model.ModelManager/]: Missing textures in model ores:block/andesite_amethyst_ore:
    minecraft:textures/atlas/blocks.png:ores:block/andesite_amethyst_ore
[19juil.2025 17:24:01.907] [resourceLoad/WARN] [net.minecraft.client.resources.model.ModelManager/]: Missing textures in model ores:item/iron_nugget:
    minecraft:textures/atlas/blocks.png:ores:item/iron_nugget
[19juil.2025 17:24:01.907] [resourceLoad/WARN] [net.minecraft.client.resources.model.ModelManager/]: Missing textures in model ores:item/emerald_dust:
    minecraft:textures/atlas/blocks.png:ores:item/emerald_dust
[19juil.2025 17:24:01.907] [resourceLoad/WARN] [net.minecraft.client.resources.model.ModelManager/]: Missing textures in model ores:block/soul_soil_netherite_ore:
    minecraft:textures/atlas/blocks.png:ores:block/soul_soil_netherite_ore
[19juil.2025 17:24:01.907] [resourceLoad/WARN] [net.minecraft.client.resources.model.ModelManager/]: Missing textures in model ores:block/dust_gold_block:
    minecraft:textures/atlas/blocks.png:ores:block/dust_gold_block
[19juil.2025 17:24:01.907] [resourceLoad/WARN] [net.minecraft.client.resources.model.ModelManager/]: Missing textures in model ores:block/raw_amethyst_block:
    minecraft:textures/atlas/blocks.png:ores:block/raw_amethyst_block
[19juil.2025 17:24:01.907] [resourceLoad/WARN] [net.minecraft.client.resources.model.ModelManager/]: Missing textures in model ores:block/soul_soil_copper_ore:
    minecraft:textures/atlas/blocks.png:ores:block/soul_soil_copper_ore
[19juil.2025 17:24:01.907] [resourceLoad/WARN] [net.minecraft.client.resources.model.ModelManager/]: Missing textures in model ores:item/amethyst_nugget:
    minecraft:textures/atlas/blocks.png:ores:item/amethyst_nugget
[19juil.2025 17:24:01.907] [resourceLoad/WARN] [net.minecraft.client.resources.model.ModelManager/]: Missing textures in model ores:item/redstone_nugget:
    minecraft:textures/atlas/blocks.png:ores:item/redstone_nugget
[19juil.2025 17:24:01.907] [resourceLoad/WARN] [net.minecraft.client.resources.model.ModelManager/]: Missing textures in model ores:block/polished_basalt_copper_ore:
    minecraft:textures/atlas/blocks.png:ores:block/polished_basalt_copper_ore
[19juil.2025 17:24:01.908] [resourceLoad/WARN] [net.minecraft.client.resources.model.ModelManager/]: Missing textures in model ores:block/end_stone_netherite_ore:
    minecraft:textures/atlas/blocks.png:ores:block/end_stone_netherite_ore
[19juil.2025 17:24:01.908] [resourceLoad/WARN] [net.minecraft.client.resources.model.ModelManager/]: Missing textures in model ores:block/sand_amethyst_ore:
    minecraft:textures/atlas/blocks.png:ores:block/sand_amethyst_ore
[19juil.2025 17:24:01.908] [resourceLoad/WARN] [net.minecraft.client.resources.model.ModelManager/]: Missing textures in model ores:block/calcite_iron_ore:
    minecraft:textures/atlas/blocks.png:ores:block/calcite_iron_ore
[19juil.2025 17:24:01.908] [resourceLoad/WARN] [net.minecraft.client.resources.model.ModelManager/]: Missing textures in model ores:item/lapis:
    minecraft:textures/atlas/blocks.png:ores:item/lapis
[19juil.2025 17:24:01.908] [resourceLoad/WARN] [net.minecraft.client.resources.model.ModelManager/]: Missing textures in model ores:block/basalt_iron_ore:
    minecraft:textures/atlas/blocks.png:ores:block/basalt_iron_ore
[19juil.2025 17:24:01.908] [resourceLoad/WARN] [net.minecraft.client.resources.model.ModelManager/]: Missing textures in model ores:item/redstone:
    minecraft:textures/atlas/blocks.png:ores:item/redstone
[19juil.2025 17:24:01.908] [resourceLoad/WARN] [net.minecraft.client.resources.model.ModelManager/]: Missing textures in model ores:block/andesite_iron_ore:
    minecraft:textures/atlas/blocks.png:ores:block/andesite_iron_ore
[19juil.2025 17:24:01.908] [resourceLoad/WARN] [net.minecraft.client.resources.model.ModelManager/]: Missing textures in model ores:block/soul_sand_iron_ore:
    minecraft:textures/atlas/blocks.png:ores:block/soul_sand_iron_ore
[19juil.2025 17:24:01.908] [resourceLoad/WARN] [net.minecraft.client.resources.model.ModelManager/]: Missing textures in model ores:block/granite_emerald_ore:
    minecraft:textures/atlas/blocks.png:ores:block/granite_emerald_ore
[19juil.2025 17:24:01.908] [resourceLoad/WARN] [net.minecraft.client.resources.model.ModelManager/]: Missing textures in model ores:item/iron_ingot:
    minecraft:textures/atlas/blocks.png:ores:item/iron_ingot
[19juil.2025 17:24:01.908] [resourceLoad/WARN] [net.minecraft.client.resources.model.ModelManager/]: Missing textures in model ores:item/copper_dust:
    minecraft:textures/atlas/blocks.png:ores:item/copper_dust
[19juil.2025 17:24:01.908] [resourceLoad/WARN] [net.minecraft.client.resources.model.ModelManager/]: Missing textures in model ores:item/amethyst_scrap:
    minecraft:textures/atlas/blocks.png:ores:item/amethyst_scrap
[19juil.2025 17:24:01.908] [resourceLoad/WARN] [net.minecraft.client.resources.model.ModelManager/]: Missing textures in model ores:block/cobblestone_emerald_ore:
    minecraft:textures/atlas/blocks.png:ores:block/cobblestone_emerald_ore
[19juil.2025 17:24:01.908] [resourceLoad/WARN] [net.minecraft.client.resources.model.ModelManager/]: Missing textures in model ores:item/lapis_ingot:
    minecraft:textures/atlas/blocks.png:ores:item/lapis_ingot
[19juil.2025 17:24:01.908] [resourceLoad/WARN] [net.minecraft.client.resources.model.ModelManager/]: Missing textures in model ores:item/raw_emerald:
    minecraft:textures/atlas/blocks.png:ores:item/raw_emerald
[19juil.2025 17:24:01.908] [resourceLoad/WARN] [net.minecraft.client.resources.model.ModelManager/]: Missing textures in model ores:block/raw_lapis_block:
    minecraft:textures/atlas/blocks.png:ores:block/raw_lapis_block
[19juil.2025 17:24:01.908] [resourceLoad/WARN] [net.minecraft.client.resources.model.ModelManager/]: Missing textures in model ores:block/quartz_ore:
    minecraft:textures/atlas/blocks.png:ores:block/quartz_ore
[19juil.2025 17:24:01.908] [resourceLoad/WARN] [net.minecraft.client.resources.model.ModelManager/]: Missing textures in model ores:item/amethyst:
    minecraft:textures/atlas/blocks.png:ores:item/amethyst
[19juil.2025 17:24:01.908] [resourceLoad/WARN] [net.minecraft.client.resources.model.ModelManager/]: Missing textures in model ores:block/lapis_block:
    minecraft:textures/atlas/blocks.png:ores:block/lapis_block
[19juil.2025 17:24:01.908] [resourceLoad/WARN] [net.minecraft.client.resources.model.ModelManager/]: Missing textures in model ores:block/netherrack_amethyst_ore:
    minecraft:textures/atlas/blocks.png:ores:block/netherrack_amethyst_ore
[19juil.2025 17:24:01.908] [resourceLoad/WARN] [net.minecraft.client.resources.model.ModelManager/]: Missing textures in model ores:block/raw_netherite_block:
    minecraft:textures/atlas/blocks.png:ores:block/raw_netherite_block
[19juil.2025 17:24:01.908] [resourceLoad/WARN] [net.minecraft.client.resources.model.ModelManager/]: Missing textures in model ores:block/basalt_emerald_ore:
    minecraft:textures/atlas/blocks.png:ores:block/basalt_emerald_ore
[19juil.2025 17:24:01.908] [resourceLoad/WARN] [net.minecraft.client.resources.model.ModelManager/]: Missing textures in model ores:block/sand_emerald_ore:
    minecraft:textures/atlas/blocks.png:ores:block/sand_emerald_ore
[19juil.2025 17:24:01.908] [resourceLoad/WARN] [net.minecraft.client.resources.model.ModelManager/]: Missing textures in model ores:block/basalt_redstone_ore:
    minecraft:textures/atlas/blocks.png:ores:block/basalt_redstone_ore
[19juil.2025 17:24:02.802] [Render thread/INFO] [com.mojang.blaze3d.audio.Library/]: OpenAL initialized on device OpenAL Soft on Haut-parleurs (Realtek(R) Audio)
[19juil.2025 17:24:02.802] [Render thread/INFO] [net.minecraft.client.sounds.SoundEngine/SOUNDS]: Sound engine started
[19juil.2025 17:24:02.909] [Render thread/INFO] [net.minecraft.client.renderer.texture.TextureAtlas/]: Created: 1024x512x4 minecraft:textures/atlas/blocks.png-atlas
[19juil.2025 17:24:03.319] [Render thread/INFO] [net.minecraft.client.renderer.texture.TextureAtlas/]: Created: 256x256x4 minecraft:textures/atlas/signs.png-atlas
[19juil.2025 17:24:03.327] [Render thread/INFO] [net.minecraft.client.renderer.texture.TextureAtlas/]: Created: 512x512x4 minecraft:textures/atlas/shield_patterns.png-atlas
[19juil.2025 17:24:03.343] [Render thread/INFO] [net.minecraft.client.renderer.texture.TextureAtlas/]: Created: 512x512x4 minecraft:textures/atlas/banner_patterns.png-atlas
[19juil.2025 17:24:03.359] [Render thread/INFO] [net.minecraft.client.renderer.texture.TextureAtlas/]: Created: 2048x1024x4 minecraft:textures/atlas/armor_trims.png-atlas
[19juil.2025 17:24:03.459] [Render thread/INFO] [net.minecraft.client.renderer.texture.TextureAtlas/]: Created: 128x64x4 minecraft:textures/atlas/decorated_pot.png-atlas
[19juil.2025 17:24:03.466] [Render thread/INFO] [net.minecraft.client.renderer.texture.TextureAtlas/]: Created: 256x256x4 minecraft:textures/atlas/chest.png-atlas
[19juil.2025 17:24:03.469] [Render thread/INFO] [net.minecraft.client.renderer.texture.TextureAtlas/]: Created: 512x256x4 minecraft:textures/atlas/shulker_boxes.png-atlas
[19juil.2025 17:24:03.477] [Render thread/INFO] [net.minecraft.client.renderer.texture.TextureAtlas/]: Created: 512x256x4 minecraft:textures/atlas/beds.png-atlas
[19juil.2025 17:24:03.484] [Render thread/INFO] [net.minecraft.client.renderer.texture.TextureAtlas/]: Created: 64x64x0 minecraft:textures/atlas/map_decorations.png-atlas
[19juil.2025 17:24:03.599] [Render thread/INFO] [net.minecraft.client.renderer.texture.TextureAtlas/]: Created: 512x256x0 minecraft:textures/atlas/particles.png-atlas
[19juil.2025 17:24:03.613] [Render thread/INFO] [net.minecraft.client.renderer.texture.TextureAtlas/]: Created: 512x256x0 minecraft:textures/atlas/paintings.png-atlas
[19juil.2025 17:24:03.617] [Render thread/INFO] [net.minecraft.client.renderer.texture.TextureAtlas/]: Created: 1024x512x0 minecraft:textures/atlas/gui.png-atlas
[19juil.2025 17:24:03.647] [Render thread/INFO] [net.neoforged.neoforge.client.entity.animation.json.AnimationLoader/]: Loaded 0 entity animations
[19juil.2025 17:24:26.980] [Render thread/INFO] [net.minecraft.world.item.crafting.RecipeManager/]: Loaded 1407 recipes
[19juil.2025 17:24:26.989] [Render thread/INFO] [net.minecraft.advancements.AdvancementTree/]: Loaded 1520 advancements
[19juil.2025 17:24:26.990] [Render thread/INFO] [net.neoforged.neoforge.common.crafting.RecipePriorityManager/]: Loaded 0 recipe priority overrides
[19juil.2025 17:24:27.137] [Server thread/INFO] [net.minecraft.client.server.IntegratedServer/]: Starting integrated minecraft server version 1.21.7
[19juil.2025 17:24:27.137] [Server thread/INFO] [net.minecraft.server.MinecraftServer/]: Generating keypair
[19juil.2025 17:24:27.620] [Server thread/INFO] [net.minecraft.server.MinecraftServer/]: Preparing start region for dimension minecraft:overworld
[19juil.2025 17:24:28.169] [progressListener/INFO] [net.minecraft.server.level.progress.LoggerChunkProgressListener/]: Preparing spawn area: 0%
[19juil.2025 17:24:28.169] [progressListener/INFO] [net.minecraft.server.level.progress.LoggerChunkProgressListener/]: Preparing spawn area: 0%
[19juil.2025 17:24:28.367] [Server thread/INFO] [net.neoforged.neoforge.server.permission.PermissionAPI/]: Successfully initialized permission handler neoforge:default_handler
[19juil.2025 17:24:28.378] [progressListener/INFO] [net.minecraft.server.level.progress.LoggerChunkProgressListener/]: Time elapsed: 748 ms
[19juil.2025 17:24:28.435] [Server thread/INFO] [net.minecraft.client.server.IntegratedServer/]: Changing view distance to 12, from 10
[19juil.2025 17:24:28.435] [Server thread/INFO] [net.minecraft.client.server.IntegratedServer/]: Changing simulation distance to 12, from 0
[19juil.2025 17:24:29.150] [Server thread/INFO] [net.minecraft.server.players.PlayerList/]: Dev[local:E:20bccec2] logged in with entity id 43 at (-97.40366075175633, 66.0, 26.805186185925635)
[19juil.2025 17:24:29.244] [Server thread/INFO] [net.minecraft.server.MinecraftServer/]: Dev joined the game
[19juil.2025 17:24:29.406] [Render thread/INFO] [net.minecraft.advancements.AdvancementTree/]: Loaded 45 advancements
[19juil.2025 17:24:29.544] [Render thread/INFO] [net.minecraft.client.renderer.DynamicUniformStorage/]: Resizing Dynamic Transforms UBO, capacity limit of 2 reached during a single frame. New capacity will be 4.
[19juil.2025 17:24:29.640] [Render thread/INFO] [net.minecraft.client.renderer.DynamicUniformStorage/]: Resizing Dynamic Transforms UBO, capacity limit of 4 reached during a single frame. New capacity will be 8.
[19juil.2025 17:24:29.858] [Render thread/INFO] [net.minecraft.client.renderer.DynamicUniformStorage/]: Resizing Dynamic Transforms UBO, capacity limit of 8 reached during a single frame. New capacity will be 16.
[19juil.2025 17:24:29.890] [Render thread/INFO] [net.minecraft.client.renderer.DynamicUniformStorage/]: Resizing Dynamic Transforms UBO, capacity limit of 16 reached during a single frame. New capacity will be 32.
[19juil.2025 17:24:29.944] [Render thread/INFO] [net.minecraft.client.renderer.DynamicUniformStorage/]: Resizing Dynamic Transforms UBO, capacity limit of 32 reached during a single frame. New capacity will be 64.
[19juil.2025 17:24:30.042] [Render thread/INFO] [net.minecraft.client.renderer.DynamicUniformStorage/]: Resizing Dynamic Transforms UBO, capacity limit of 64 reached during a single frame. New capacity will be 128.
[19juil.2025 17:24:30.191] [Render thread/INFO] [net.minecraft.client.renderer.DynamicUniformStorage/]: Resizing Dynamic Transforms UBO, capacity limit of 128 reached during a single frame. New capacity will be 256.
[19juil.2025 17:24:30.582] [Render thread/INFO] [net.minecraft.client.renderer.DynamicUniformStorage/]: Resizing Dynamic Transforms UBO, capacity limit of 256 reached during a single frame. New capacity will be 512.
[19juil.2025 17:24:31.073] [Render thread/INFO] [net.minecraft.client.renderer.DynamicUniformStorage/]: Resizing Dynamic Transforms UBO, capacity limit of 512 reached during a single frame. New capacity will be 1024.
[19juil.2025 17:24:31.980] [Render thread/INFO] [net.minecraft.client.renderer.DynamicUniformStorage/]: Resizing Dynamic Transforms UBO, capacity limit of 1024 reached during a single frame. New capacity will be 2048.
[19juil.2025 17:24:33.892] [Render thread/INFO] [net.minecraft.advancements.AdvancementTree/]: Loaded 48 advancements
[19juil.2025 17:24:51.471] [Server thread/INFO] [net.minecraft.client.server.IntegratedServer/]: Saving and pausing game...
[19juil.2025 17:24:51.494] [Server thread/INFO] [net.minecraft.server.MinecraftServer/]: Saving chunks for level 'ServerLevel[New World]'/minecraft:overworld
[19juil.2025 17:24:51.537] [Server thread/INFO] [net.minecraft.server.MinecraftServer/]: Saving chunks for level 'ServerLevel[New World]'/minecraft:the_end
[19juil.2025 17:24:51.538] [Server thread/INFO] [net.minecraft.server.MinecraftServer/]: Saving chunks for level 'ServerLevel[New World]'/minecraft:the_nether
[19juil.2025 17:24:51.880] [Server thread/INFO] [net.minecraft.server.network.ServerGamePacketListenerImpl/]: Dev lost connection: Disconnected
[19juil.2025 17:24:51.880] [Server thread/INFO] [net.minecraft.server.MinecraftServer/]: Dev left the game
[19juil.2025 17:24:51.912] [Server thread/INFO] [net.minecraft.server.network.ServerCommonPacketListenerImpl/]: Stopping singleplayer server as player logged out
[19juil.2025 17:24:51.927] [Server thread/INFO] [net.minecraft.server.MinecraftServer/]: Stopping server
[19juil.2025 17:24:51.929] [Server thread/INFO] [net.minecraft.server.MinecraftServer/]: Saving players
[19juil.2025 17:24:51.929] [Server thread/INFO] [net.minecraft.server.MinecraftServer/]: Saving worlds
[19juil.2025 17:24:52.008] [Server thread/INFO] [net.minecraft.server.MinecraftServer/]: Saving chunks for level 'ServerLevel[New World]'/minecraft:overworld
[19juil.2025 17:24:52.114] [Server thread/INFO] [net.minecraft.server.MinecraftServer/]: Saving chunks for level 'ServerLevel[New World]'/minecraft:the_end
[19juil.2025 17:24:52.123] [Server thread/INFO] [net.minecraft.server.MinecraftServer/]: Saving chunks for level 'ServerLevel[New World]'/minecraft:the_nether
[19juil.2025 17:24:52.137] [Server thread/INFO] [net.minecraft.server.MinecraftServer/]: ThreadedAnvilChunkStorage (New World): All chunks are saved
[19juil.2025 17:24:52.137] [Server thread/INFO] [net.minecraft.server.MinecraftServer/]: ThreadedAnvilChunkStorage (DIM1): All chunks are saved
[19juil.2025 17:24:52.137] [Server thread/INFO] [net.minecraft.server.MinecraftServer/]: ThreadedAnvilChunkStorage (DIM-1): All chunks are saved
[19juil.2025 17:24:52.137] [Server thread/INFO] [net.minecraft.server.MinecraftServer/]: ThreadedAnvilChunkStorage: All dimensions are saved
[19juil.2025 17:24:53.638] [Render thread/INFO] [net.minecraft.client.Minecraft/]: Stopping!
